# JRE version: OpenJDK Runtime Environment Temurin-21.0.7+6 (21.0.7+6) (build 21.0.7+6-LTS)
# Java VM: OpenJDK 64-Bit Server VM Temurin-21.0.7+6 (21.0.7+6-LTS, mixed mode, sharing, tiered, compressed oops, compressed class ptrs, g1 gc, windows-amd64)
GC Precious Log:
 CardTable entry size: 512
 Card Set container configuration: InlinePtr #cards 4 size 8 Array Of Cards #cards 32 size 80 Howl #buckets 8 coarsen threshold 7372 Howl Bitmap #cards 1024 size 144 coarsen threshold 921 Card regions per heap region 1 cards per card region 8192
 CPUs: 20 total, 20 available
 Memory: 24276M
 Large Page Support: Disabled
 NUMA Support: Disabled
 Compressed Oops: Enabled (Zero based)
 Heap Region Size: 4M
 Heap Min Capacity: 8M
 Heap Initial Capacity: 380M
 Heap Max Capacity: 6072M
 Pre-touch: Disabled
 Parallel Workers: 15
 Concurrent Workers: 4
 Concurrent Refinement Workers: 15
 Periodic GC: Disabled
Heap:
 garbage-first heap   total 53248K, used 18193K [0x0000000684800000, 0x0000000800000000)
  region size 4096K, 2 young (8192K), 1 survivors (4096K)
 Metaspace       used 36113K, committed 36672K, reserved 1114112K
  class space    used 4286K, committed 4544K, reserved 1048576K
GC Heap History (16 events):
Event: 0.602 GC heap before
{Heap before GC invocations=0 (full 0):
 garbage-first heap   total 389120K, used 20480K [0x0000000684800000, 0x0000000800000000)
  region size 4096K, 5 young (20480K), 0 survivors (0K)
 Metaspace       used 3432K, committed 3648K, reserved 1114112K
  class space    used 340K, committed 448K, reserved 1048576K
}
Event: 0.606 GC heap after
{Heap after GC invocations=1 (full 0):
 garbage-first heap   total 389120K, used 2726K [0x0000000684800000, 0x0000000800000000)
  region size 4096K, 1 young (4096K), 1 survivors (4096K)
 Metaspace       used 3432K, committed 3648K, reserved 1114112K
  class space    used 340K, committed 448K, reserved 1048576K
}
Event: 1.425 GC heap before
{Heap before GC invocations=1 (full 0):
 garbage-first heap   total 389120K, used 31398K [0x0000000684800000, 0x0000000800000000)
  region size 4096K, 8 young (32768K), 1 survivors (4096K)
 Metaspace       used 9080K, committed 9408K, reserved 1114112K
  class space    used 1090K, committed 1216K, reserved 1048576K
}
Event: 1.432 GC heap after
{Heap after GC invocations=2 (full 0):
 garbage-first heap   total 389120K, used 4395K [0x0000000684800000, 0x0000000800000000)
  region size 4096K, 1 young (4096K), 1 survivors (4096K)
 Metaspace       used 9080K, committed 9408K, reserved 1114112K
  class space    used 1090K, committed 1216K, reserved 1048576K
}
Event: 3.149 GC heap before
{Heap before GC invocations=2 (full 0):
 garbage-first heap   total 389120K, used 90411K [0x0000000684800000, 0x0000000800000000)
  region size 4096K, 24 young (98304K), 1 survivors (4096K)
 Metaspace       used 21116K, committed 21504K, reserved 1114112K
  class space    used 2507K, committed 2688K, reserved 1048576K
}
Event: 3.156 GC heap after
{Heap after GC invocations=3 (full 0):
 garbage-first heap   total 389120K, used 10154K [0x0000000684800000, 0x0000000800000000)
  region size 4096K, 2 young (8192K), 2 survivors (8192K)
 Metaspace       used 21116K, committed 21504K, reserved 1114112K
  class space    used 2507K, committed 2688K, reserved 1048576K
}
Event: 3.689 GC heap before
{Heap before GC invocations=4 (full 0):
 garbage-first heap   total 40960K, used 38826K [0x0000000684800000, 0x0000000800000000)
  region size 4096K, 9 young (36864K), 2 survivors (8192K)
 Metaspace       used 23815K, committed 24320K, reserved 1114112K
  class space    used 2901K, committed 3136K, reserved 1048576K
}
Event: 3.696 GC heap after
{Heap after GC invocations=5 (full 0):
 garbage-first heap   total 53248K, used 11763K [0x0000000684800000, 0x0000000800000000)
  region size 4096K, 3 young (12288K), 3 survivors (12288K)
 Metaspace       used 23815K, committed 24320K, reserved 1114112K
  class space    used 2901K, committed 3136K, reserved 1048576K
}
Event: 3.833 GC heap before
{Heap before GC invocations=5 (full 0):
 garbage-first heap   total 53248K, used 28147K [0x0000000684800000, 0x0000000800000000)
  region size 4096K, 7 young (28672K), 3 survivors (12288K)
 Metaspace       used 25216K, committed 25728K, reserved 1114112K
  class space    used 3033K, committed 3264K, reserved 1048576K
}
Event: 3.847 GC heap after
{Heap after GC invocations=6 (full 0):
 garbage-first heap   total 53248K, used 12234K [0x0000000684800000, 0x0000000800000000)
  region size 4096K, 1 young (4096K), 1 survivors (4096K)
 Metaspace       used 25216K, committed 25728K, reserved 1114112K
  class space    used 3033K, committed 3264K, reserved 1048576K
}
Event: 4.239 GC heap before
{Heap before GC invocations=6 (full 0):
 garbage-first heap   total 53248K, used 36810K [0x0000000684800000, 0x0000000800000000)
  region size 4096K, 7 young (28672K), 1 survivors (4096K)
 Metaspace       used 27524K, committed 28032K, reserved 1114112K
  class space    used 3323K, committed 3520K, reserved 1048576K
}
Event: 4.243 GC heap after
{Heap after GC invocations=7 (full 0):
 garbage-first heap   total 53248K, used 14078K [0x0000000684800000, 0x0000000800000000)
  region size 4096K, 1 young (4096K), 1 survivors (4096K)
 Metaspace       used 27524K, committed 28032K, reserved 1114112K
  class space    used 3323K, committed 3520K, reserved 1048576K
}
Event: 42.329 GC heap before
{Heap before GC invocations=7 (full 0):
 garbage-first heap   total 53248K, used 38654K [0x0000000684800000, 0x0000000800000000)
  region size 4096K, 7 young (28672K), 1 survivors (4096K)
 Metaspace       used 31297K, committed 31872K, reserved 1114112K
  class space    used 3809K, committed 4096K, reserved 1048576K
}
Event: 42.335 GC heap after
{Heap after GC invocations=8 (full 0):
 garbage-first heap   total 53248K, used 15713K [0x0000000684800000, 0x0000000800000000)
  region size 4096K, 1 young (4096K), 1 survivors (4096K)
 Metaspace       used 31297K, committed 31872K, reserved 1114112K
  class space    used 3809K, committed 4096K, reserved 1048576K
}
Event: 46.460 GC heap before
{Heap before GC invocations=8 (full 0):
 garbage-first heap   total 53248K, used 32097K [0x0000000684800000, 0x0000000800000000)
  region size 4096K, 7 young (28672K), 1 survivors (4096K)
 Metaspace       used 35466K, committed 36096K, reserved 1114112K
  class space    used 4239K, committed 4544K, reserved 1048576K
}
Event: 46.469 GC heap after
{Heap after GC invocations=9 (full 0):
 garbage-first heap   total 53248K, used 18193K [0x0000000684800000, 0x0000000800000000)
  region size 4096K, 1 young (4096K), 1 survivors (4096K)
 Metaspace       used 35466K, committed 36096K, reserved 1114112K
  class space    used 4239K, committed 4544K, reserved 1048576K
}

